Arguments: 
  /home/codesadej/.nvm/versions/node/v18.17.1/bin/node /mnt/c/Users/JewTech - X/AppData/Roaming/npm/node_modules/yarn/bin/yarn.js add tailwindcss postcss autoprefixer

PATH: 
  /home/codesadej/.nvm/versions/node/v18.17.1/bin:/home/codesadej/.vscode-server/bin/6c3e3dba23e8fadc360aed75ce363ba185c49794/bin/remote-cli:/usr/local/sbin:/usr/local/bin:/usr/sbin:/usr/bin:/sbin:/bin:/usr/games:/usr/local/games:/mnt/c/Windows/system32:/mnt/c/Windows:/mnt/c/Windows/System32/Wbem:/mnt/c/Windows/System32/WindowsPowerShell/v1.0/:/mnt/c/Windows/System32/OpenSSH/:/mnt/c/Program Files/Git/cmd:/mnt/c/Program Files/nodejs/:/mnt/c/Users/JewTech - X/AppData/Local/Programs/Python/Python311/Scripts/:/mnt/c/Users/JewTech - X/AppData/Local/Programs/Python/Python311/:/mnt/c/Users/JewTech - X/AppData/Local/Microsoft/WindowsApps:/mnt/c/Users/JewTech - X/AppData/Local/Programs/Microsoft VS Code/bin:/mnt/c/Users/JewTech - X/AppData/Roaming/npm:/mnt/c/MinGW

Yarn version: 
  1.22.19

Node version: 
  18.17.1

Platform: 
  linux x64

Trace: 
  Error: https://registry.yarnpkg.com/@fortawesome/free-brands-svg-icons/-/free-brands-svg-icons-6.4.2.tgz: ESOCKETTIMEDOUT
      at ClientRequest.<anonymous> (/mnt/c/Users/JewTech - X/AppData/Roaming/npm/node_modules/yarn/lib/cli.js:141517:19)
      at Object.onceWrapper (node:events:628:28)
      at ClientRequest.emit (node:events:514:28)
      at TLSSocket.emitRequestTimeout (node:_http_client:847:9)
      at Object.onceWrapper (node:events:628:28)
      at TLSSocket.emit (node:events:526:35)
      at Socket._onTimeout (node:net:571:8)
      at listOnTimeout (node:internal/timers:569:17)
      at process.processTimers (node:internal/timers:512:7)

npm manifest: 
  {
    "name": "portfilio-website",
    "version": "0.1.0",
    "private": true,
    "dependencies": {
      "@fortawesome/fontawesome-svg-core": "^6.4.0",
      "@fortawesome/free-brands-svg-icons": "^6.4.0",
      "@fortawesome/free-solid-svg-icons": "^6.4.0",
      "@fortawesome/react-fontawesome": "^0.2.0",
      "@testing-library/jest-dom": "^5.16.5",
      "@testing-library/react": "^13.4.0",
      "@testing-library/user-event": "^13.5.0",
      "framer-motion": "^10.15.1",
      "react": "^18.2.0",
      "react-dom": "^18.2.0",
      "react-router-dom": "^6.11.1",
      "react-scripts": "5.0.1",
      "react-tilt": "^1.0.2",
      "web-vitals": "^2.1.4"
    },
    "scripts": {
      "predeploy": "npm run build",
      "deploy": "gh-pages -d build",
      "start": "react-scripts start",
      "build": "react-scripts build",
      "test": "react-scripts test",
      "eject": "react-scripts eject"
    },
    "eslintConfig": {
      "extends": [
        "react-app",
        "react-app/jest"
      ]
    },
    "browserslist": {
      "production": [
        ">0.2%",
        "not dead",
        "not op_mini all"
      ],
      "development": [
        "last 1 chrome version",
        "last 1 firefox version",
        "last 1 safari version"
      ]
    }
  }

yarn manifest: 
  No manifest

Lockfile: 
  No lockfile
